[0.015s] Invoking command in '/home/kmw/trees_ws/build/py_trees_ros_interfaces': CMAKE_PREFIX_PATH=${CMAKE_PREFIX_PATH}:/home/kmw/trees_ws/install/test_tree:/home/kmw/trees_ws/install/py_trees_ros:/opt/ros/humble CONDA_PROMPT_MODIFIER=(base) /usr/bin/cmake /home/kmw/trees_ws/src/py_trees_ros_interfaces -DAMENT_CMAKE_SYMLINK_INSTALL=1 -DCMAKE_INSTALL_PREFIX=/home/kmw/trees_ws/install/py_trees_ros_interfaces
[0.072s] -- The C compiler identification is GNU 11.4.0
[0.149s] -- The CXX compiler identification is GNU 11.4.0
[0.157s] -- Detecting C compiler ABI info
[0.234s] -- Detecting C compiler ABI info - done
[0.246s] -- Check for working C compiler: /usr/bin/cc - skipped
[0.246s] -- Detecting C compile features
[0.247s] -- Detecting C compile features - done
[0.252s] -- Detecting CXX compiler ABI info
[0.390s] -- Detecting CXX compiler ABI info - done
[0.401s] -- Check for working CXX compiler: /usr/bin/c++ - skipped
[0.402s] -- Detecting CXX compile features
[0.402s] -- Detecting CXX compile features - done
[0.405s] -- Found ament_cmake: 1.3.10 (/opt/ros/humble/share/ament_cmake/cmake)
[0.561s] -- Found Python3: /home/kmw/miniconda3/bin/python3 (found version "3.12.4") found components: Interpreter 
[0.649s] -- Override CMake install command with custom implementation using symlinks instead of copying resources
[0.672s] -- Found builtin_interfaces: 1.2.1 (/opt/ros/humble/share/builtin_interfaces/cmake)
[0.701s] -- Found rosidl_generator_c: 3.1.5 (/opt/ros/humble/share/rosidl_generator_c/cmake)
[0.706s] -- Found rosidl_adapter: 3.1.5 (/opt/ros/humble/share/rosidl_adapter/cmake)
[0.713s] -- Found rosidl_generator_cpp: 3.1.5 (/opt/ros/humble/share/rosidl_generator_cpp/cmake)
[0.723s] -- Using all available rosidl_typesupport_c: rosidl_typesupport_fastrtps_c;rosidl_typesupport_introspection_c
[0.738s] -- Using all available rosidl_typesupport_cpp: rosidl_typesupport_fastrtps_cpp;rosidl_typesupport_introspection_cpp
[0.757s] -- Found rosidl_default_generators: 1.2.0 (/opt/ros/humble/share/rosidl_default_generators/cmake)
[0.765s] -- Found action_msgs: 1.2.1 (/opt/ros/humble/share/action_msgs/cmake)
[0.789s] -- Found diagnostic_msgs: 4.2.4 (/opt/ros/humble/share/diagnostic_msgs/cmake)
[0.815s] -- Found geometry_msgs: 4.2.4 (/opt/ros/humble/share/geometry_msgs/cmake)
[1.269s] -- Found ament_cmake_ros: 0.10.0 (/opt/ros/humble/share/ament_cmake_ros/cmake)
[1.700s] -- Using all available rosidl_typesupport_c: rosidl_typesupport_fastrtps_c;rosidl_typesupport_introspection_c
[1.871s] -- Using all available rosidl_typesupport_cpp: rosidl_typesupport_fastrtps_cpp;rosidl_typesupport_introspection_cpp
[1.893s] -- Found PythonInterp: /home/kmw/miniconda3/bin/python3 (found suitable version "3.12.4", minimum required is "3.6") 
[1.894s] -- Found python_cmake_module: 0.10.0 (/opt/ros/humble/share/python_cmake_module/cmake)
[1.916s] -- Found PythonLibs: /home/kmw/miniconda3/lib/libpython3.12.so (found suitable version "3.12.4", minimum required is "3.5") 
[1.916s] -- Using PYTHON_EXECUTABLE: /home/kmw/miniconda3/bin/python3
[1.916s] -- Using PYTHON_INCLUDE_DIRS: /home/kmw/miniconda3/include/python3.12
[1.916s] -- Using PYTHON_LIBRARIES: /home/kmw/miniconda3/lib/libpython3.12.so
[1.940s] -- Found PythonExtra: .so  
[2.014s] Traceback (most recent call last):
[2.014s]   File "/home/kmw/miniconda3/envs/ros2_py310/lib/python3.10/site-packages/numpy/core/__init__.py", line 24, in <module>
[2.014s]     from . import multiarray
[2.014s]   File "/home/kmw/miniconda3/envs/ros2_py310/lib/python3.10/site-packages/numpy/core/multiarray.py", line 10, in <module>
[2.014s]     from . import overrides
[2.014s]   File "/home/kmw/miniconda3/envs/ros2_py310/lib/python3.10/site-packages/numpy/core/overrides.py", line 8, in <module>
[2.014s]     from numpy.core._multiarray_umath import (
[2.014s] ModuleNotFoundError: No module named 'numpy.core._multiarray_umath'
[2.014s] 
[2.014s] During handling of the above exception, another exception occurred:
[2.014s] 
[2.014s] Traceback (most recent call last):
[2.014s]   File "/home/kmw/miniconda3/envs/ros2_py310/lib/python3.10/site-packages/numpy/__init__.py", line 130, in <module>
[2.015s]     from numpy.__config__ import show as show_config
[2.015s]   File "/home/kmw/miniconda3/envs/ros2_py310/lib/python3.10/site-packages/numpy/__config__.py", line 4, in <module>
[2.015s]     from numpy.core._multiarray_umath import (
[2.015s]   File "/home/kmw/miniconda3/envs/ros2_py310/lib/python3.10/site-packages/numpy/core/__init__.py", line 50, in <module>
[2.015s]     raise ImportError(msg)
[2.015s] ImportError: 
[2.015s] 
[2.015s] IMPORTANT: PLEASE READ THIS FOR ADVICE ON HOW TO SOLVE THIS ISSUE!
[2.015s] 
[2.015s] Importing the numpy C-extensions failed. This error can happen for
[2.015s] many reasons, often due to issues with your setup or how NumPy was
[2.015s] installed.
[2.015s] 
[2.015s] We have compiled some common reasons and troubleshooting tips at:
[2.015s] 
[2.015s]     https://numpy.org/devdocs/user/troubleshooting-importerror.html
[2.015s] 
[2.015s] Please note and check the following:
[2.015s] 
[2.016s]   * The Python version is: Python3.12 from "/home/kmw/miniconda3/bin/python3"
[2.016s]   * The NumPy version is: "1.26.4"
[2.016s] 
[2.016s] and make sure that they are the versions you expect.
[2.016s] Please carefully study the documentation linked above for further help.
[2.016s] 
[2.016s] Original error was: No module named 'numpy.core._multiarray_umath'
[2.016s] 
[2.016s] 
[2.016s] The above exception was the direct cause of the following exception:
[2.016s] 
[2.016s] Traceback (most recent call last):
[2.016s]   File "<string>", line 1, in <module>
[2.016s]   File "/home/kmw/miniconda3/envs/ros2_py310/lib/python3.10/site-packages/numpy/__init__.py", line 135, in <module>
[2.016s]     raise ImportError(msg) from e
[2.016s] ImportError: Error importing numpy: you should not try to import numpy from
[2.016s]         its source directory; please exit the numpy source tree, and relaunch
[2.016s]         your python interpreter from there.
[2.017s] [31mCMake Error at /opt/ros/humble/share/rosidl_generator_py/cmake/rosidl_generator_py_generate_interfaces.cmake:204 (message):
[2.017s]   execute_process(/home/kmw/miniconda3/bin/python3 -c 'import
[2.017s]   numpy;print(numpy.get_include())') returned error code 1
[2.018s] Call Stack (most recent call first):
[2.018s]   /opt/ros/humble/share/ament_cmake_core/cmake/core/ament_execute_extensions.cmake:48 (include)
[2.018s]   /opt/ros/humble/share/rosidl_cmake/cmake/rosidl_generate_interfaces.cmake:286 (ament_execute_extensions)
[2.018s]   CMakeLists.txt:63 (rosidl_generate_interfaces)
[2.018s] 
[2.018s] [0m
[2.018s] -- Configuring incomplete, errors occurred!
[2.018s] See also "/home/kmw/trees_ws/build/py_trees_ros_interfaces/CMakeFiles/CMakeOutput.log".
[2.026s] Invoked command in '/home/kmw/trees_ws/build/py_trees_ros_interfaces' returned '1': CMAKE_PREFIX_PATH=${CMAKE_PREFIX_PATH}:/home/kmw/trees_ws/install/test_tree:/home/kmw/trees_ws/install/py_trees_ros:/opt/ros/humble CONDA_PROMPT_MODIFIER=(base) /usr/bin/cmake /home/kmw/trees_ws/src/py_trees_ros_interfaces -DAMENT_CMAKE_SYMLINK_INSTALL=1 -DCMAKE_INSTALL_PREFIX=/home/kmw/trees_ws/install/py_trees_ros_interfaces
