[0.024s] Invoking command in '/home/kmw/trees_ws/build/py_trees_ros_interfaces': CMAKE_PREFIX_PATH=${CMAKE_PREFIX_PATH}:/home/kmw/trees_ws/install/test_tree:/home/kmw/trees_ws/install/py_trees_ros:/opt/ros/humble CONDA_PROMPT_MODIFIER=(ros2_py310) /usr/bin/cmake /home/kmw/trees_ws/src/py_trees_ros_interfaces -DAMENT_CMAKE_SYMLINK_INSTALL=1 -DCMAKE_INSTALL_PREFIX=/home/kmw/trees_ws/install/py_trees_ros_interfaces
[0.037s] -- Found ament_cmake: 1.3.10 (/opt/ros/humble/share/ament_cmake/cmake)
[0.174s] -- Override CMake install command with custom implementation using symlinks instead of copying resources
[0.180s] -- Found builtin_interfaces: 1.2.1 (/opt/ros/humble/share/builtin_interfaces/cmake)
[0.203s] -- Found rosidl_generator_c: 3.1.5 (/opt/ros/humble/share/rosidl_generator_c/cmake)
[0.205s] -- Found rosidl_adapter: 3.1.5 (/opt/ros/humble/share/rosidl_adapter/cmake)
[0.211s] -- Found rosidl_generator_cpp: 3.1.5 (/opt/ros/humble/share/rosidl_generator_cpp/cmake)
[0.219s] -- Using all available rosidl_typesupport_c: rosidl_typesupport_fastrtps_c;rosidl_typesupport_introspection_c
[0.231s] -- Using all available rosidl_typesupport_cpp: rosidl_typesupport_fastrtps_cpp;rosidl_typesupport_introspection_cpp
[0.243s] -- Found rosidl_default_generators: 1.2.0 (/opt/ros/humble/share/rosidl_default_generators/cmake)
[0.249s] -- Found action_msgs: 1.2.1 (/opt/ros/humble/share/action_msgs/cmake)
[0.270s] -- Found diagnostic_msgs: 4.2.4 (/opt/ros/humble/share/diagnostic_msgs/cmake)
[0.296s] -- Found geometry_msgs: 4.2.4 (/opt/ros/humble/share/geometry_msgs/cmake)
[0.718s] -- Found ament_cmake_ros: 0.10.0 (/opt/ros/humble/share/ament_cmake_ros/cmake)
[1.136s] -- Using all available rosidl_typesupport_c: rosidl_typesupport_fastrtps_c;rosidl_typesupport_introspection_c
[1.294s] -- Using all available rosidl_typesupport_cpp: rosidl_typesupport_fastrtps_cpp;rosidl_typesupport_introspection_cpp
[1.314s] -- Found python_cmake_module: 0.10.0 (/opt/ros/humble/share/python_cmake_module/cmake)
[1.334s] -- Using PYTHON_EXECUTABLE: /home/kmw/miniconda3/bin/python3
[1.334s] -- Using PYTHON_INCLUDE_DIRS: /home/kmw/miniconda3/include/python3.12
[1.334s] -- Using PYTHON_LIBRARIES: /home/kmw/miniconda3/lib/libpython3.12.so
[1.387s] Traceback (most recent call last):
[1.387s]   File "/home/kmw/miniconda3/envs/ros2_py310/lib/python3.10/site-packages/numpy/core/__init__.py", line 24, in <module>
[1.387s]     from . import multiarray
[1.387s]   File "/home/kmw/miniconda3/envs/ros2_py310/lib/python3.10/site-packages/numpy/core/multiarray.py", line 10, in <module>
[1.387s]     from . import overrides
[1.387s]   File "/home/kmw/miniconda3/envs/ros2_py310/lib/python3.10/site-packages/numpy/core/overrides.py", line 8, in <module>
[1.387s]     from numpy.core._multiarray_umath import (
[1.387s] ModuleNotFoundError: No module named 'numpy.core._multiarray_umath'
[1.387s] 
[1.388s] During handling of the above exception, another exception occurred:
[1.388s] 
[1.388s] Traceback (most recent call last):
[1.388s]   File "/home/kmw/miniconda3/envs/ros2_py310/lib/python3.10/site-packages/numpy/__init__.py", line 130, in <module>
[1.388s]     from numpy.__config__ import show as show_config
[1.388s]   File "/home/kmw/miniconda3/envs/ros2_py310/lib/python3.10/site-packages/numpy/__config__.py", line 4, in <module>
[1.388s]     from numpy.core._multiarray_umath import (
[1.388s]   File "/home/kmw/miniconda3/envs/ros2_py310/lib/python3.10/site-packages/numpy/core/__init__.py", line 50, in <module>
[1.388s]     raise ImportError(msg)
[1.388s] ImportError: 
[1.388s] 
[1.388s] IMPORTANT: PLEASE READ THIS FOR ADVICE ON HOW TO SOLVE THIS ISSUE!
[1.388s] 
[1.388s] Importing the numpy C-extensions failed. This error can happen for
[1.388s] many reasons, often due to issues with your setup or how NumPy was
[1.388s] installed.
[1.388s] 
[1.388s] We have compiled some common reasons and troubleshooting tips at:
[1.388s] 
[1.388s]     https://numpy.org/devdocs/user/troubleshooting-importerror.html
[1.388s] 
[1.389s] Please note and check the following:
[1.389s] 
[1.389s]   * The Python version is: Python3.12 from "/home/kmw/miniconda3/bin/python3"
[1.389s]   * The NumPy version is: "1.26.4"
[1.389s] 
[1.389s] and make sure that they are the versions you expect.
[1.389s] Please carefully study the documentation linked above for further help.
[1.389s] 
[1.389s] Original error was: No module named 'numpy.core._multiarray_umath'
[1.389s] 
[1.389s] 
[1.389s] The above exception was the direct cause of the following exception:
[1.389s] 
[1.389s] Traceback (most recent call last):
[1.389s]   File "<string>", line 1, in <module>
[1.389s]   File "/home/kmw/miniconda3/envs/ros2_py310/lib/python3.10/site-packages/numpy/__init__.py", line 135, in <module>
[1.389s]     raise ImportError(msg) from e
[1.389s] ImportError: Error importing numpy: you should not try to import numpy from
[1.389s]         its source directory; please exit the numpy source tree, and relaunch
[1.389s]         your python interpreter from there.
[1.390s] [31mCMake Error at /opt/ros/humble/share/rosidl_generator_py/cmake/rosidl_generator_py_generate_interfaces.cmake:204 (message):
[1.390s]   execute_process(/home/kmw/miniconda3/bin/python3 -c 'import
[1.390s]   numpy;print(numpy.get_include())') returned error code 1
[1.390s] Call Stack (most recent call first):
[1.390s]   /opt/ros/humble/share/ament_cmake_core/cmake/core/ament_execute_extensions.cmake:48 (include)
[1.391s]   /opt/ros/humble/share/rosidl_cmake/cmake/rosidl_generate_interfaces.cmake:286 (ament_execute_extensions)
[1.391s]   CMakeLists.txt:63 (rosidl_generate_interfaces)
[1.391s] 
[1.391s] [0m
[1.391s] -- Configuring incomplete, errors occurred!
[1.391s] See also "/home/kmw/trees_ws/build/py_trees_ros_interfaces/CMakeFiles/CMakeOutput.log".
[1.397s] Invoked command in '/home/kmw/trees_ws/build/py_trees_ros_interfaces' returned '1': CMAKE_PREFIX_PATH=${CMAKE_PREFIX_PATH}:/home/kmw/trees_ws/install/test_tree:/home/kmw/trees_ws/install/py_trees_ros:/opt/ros/humble CONDA_PROMPT_MODIFIER=(ros2_py310) /usr/bin/cmake /home/kmw/trees_ws/src/py_trees_ros_interfaces -DAMENT_CMAKE_SYMLINK_INSTALL=1 -DCMAKE_INSTALL_PREFIX=/home/kmw/trees_ws/install/py_trees_ros_interfaces
